export const TodoSchemas = {
  Todo: {
    type: "object",
    required: ["id", "user_id", "title", "status", "created_at", "updated_at"],
    properties: {
      id: { type: "integer", format: "int32" },
      user_id: { type: "integer", format: "int32" },
      title: { type: "string", minLength: 1 },
      description: { type: "string", nullable: true },
      status: { type: "string", enum: ["PENDING", "DONE"] },
      due_date: { type: "string", format: "date-time", nullable: true },
      created_at: { type: "string", format: "date-time" },
      updated_at: { type: "string", format: "date-time" },
    },
    example: {
      id: 1,
      user_id: 10,
      title: "Learn Express v5",
      description: "Write swagger-jsdoc",
      status: "PENDING",
      due_date: "2026-02-01T00:00:00.000Z",
      created_at: "2026-01-28T10:00:00.000Z",
      updated_at: "2026-01-28T10:00:00.000Z",
    },
  },
  CreateTodoRequest: {
    type: "object",
    required: ["title"],
    properties: {
      title: { type: "string", minLength: 1 },
      description: { type: "string", nullable: true },
      status: { type: "string", enum: ["PENDING", "DONE"], default: "PENDING" },
      due_date: { type: "string", format: "date-time", nullable: true },
    },
    example: {
      title: "Learn Express v5",
      description: "Write swagger-jsdoc",
      status: "PENDING",
      due_date: "2026-02-01T00:00:00.000Z",
    },
  },
  UpdateTodoRequest: {
    type: "object",
    properties: {
      title: { type: "string", minLength: 1 },
      description: { type: "string", nullable: true },
      status: { type: "string", enum: ["PENDING", "DONE"] },
      due_date: { type: "string", format: "date-time", nullable: true },
    },
    example: {
      title: "Learn Express v5 - Updated",
      status: "DONE",
    },
  },
  TodoListResponse: {
    type: "object",
    required: ["data", "pagination"],
    properties: {
      data: {
        type: "array",
        items: { $ref: "#/components/schemas/Todo" },
      },
      pagination: {
        type: "object",
        properties: {
          page: { type: "integer" },
          limit: { type: "integer" },
          total: { type: "integer" },
          totalPages: { type: "integer" },
        },
      },
    },
  },
};